Release 13.3 - xst O.76xd (lin64)
Copyright (c) 1995-2011 Xilinx, Inc.  All rights reserved.
--> 
Parameter TMPDIR set to xst/projnav.tmp


Total REAL time to Xst completion: 0.00 secs
Total CPU time to Xst completion: 0.05 secs
 
--> 
Parameter xsthdpdir set to xst


Total REAL time to Xst completion: 0.00 secs
Total CPU time to Xst completion: 0.05 secs
 
--> 
Reading design: vga_controller.prj

TABLE OF CONTENTS
  1) Synthesis Options Summary
  2) HDL Compilation
  3) Design Hierarchy Analysis
  4) HDL Analysis
  5) HDL Synthesis
     5.1) HDL Synthesis Report
  6) Advanced HDL Synthesis
     6.1) Advanced HDL Synthesis Report
  7) Low Level Synthesis
  8) Partition Report
  9) Final Report
	9.1) Device utilization summary
	9.2) Partition Resource Summary
	9.3) TIMING REPORT


=========================================================================
*                      Synthesis Options Summary                        *
=========================================================================
---- Source Parameters
Input File Name                    : "vga_controller.prj"
Input Format                       : mixed
Ignore Synthesis Constraint File   : NO

---- Target Parameters
Output File Name                   : "vga_controller"
Output Format                      : NGC
Target Device                      : xc3s500e-5-fg320

---- Source Options
Top Module Name                    : vga_controller
Automatic FSM Extraction           : YES
FSM Encoding Algorithm             : Auto
Safe Implementation                : No
FSM Style                          : LUT
RAM Extraction                     : Yes
RAM Style                          : Auto
ROM Extraction                     : Yes
Mux Style                          : Auto
Decoder Extraction                 : YES
Priority Encoder Extraction        : Yes
Shift Register Extraction          : YES
Logical Shifter Extraction         : YES
XOR Collapsing                     : YES
ROM Style                          : Auto
Mux Extraction                     : Yes
Resource Sharing                   : YES
Asynchronous To Synchronous        : NO
Multiplier Style                   : Auto
Automatic Register Balancing       : No

---- Target Options
Add IO Buffers                     : YES
Global Maximum Fanout              : 500
Add Generic Clock Buffer(BUFG)     : 24
Register Duplication               : YES
Slice Packing                      : YES
Optimize Instantiated Primitives   : NO
Use Clock Enable                   : Yes
Use Synchronous Set                : Yes
Use Synchronous Reset              : Yes
Pack IO Registers into IOBs        : Auto
Equivalent register Removal        : YES

---- General Options
Optimization Goal                  : Speed
Optimization Effort                : 1
Keep Hierarchy                     : No
Netlist Hierarchy                  : As_Optimized
RTL Output                         : Yes
Global Optimization                : AllClockNets
Read Cores                         : YES
Write Timing Constraints           : NO
Cross Clock Analysis               : NO
Hierarchy Separator                : /
Bus Delimiter                      : <>
Case Specifier                     : Maintain
Slice Utilization Ratio            : 100
BRAM Utilization Ratio             : 100
Verilog 2001                       : YES
Auto BRAM Packing                  : NO
Slice Utilization Ratio Delta      : 5

=========================================================================


=========================================================================
*                          HDL Compilation                              *
=========================================================================
Compiling vhdl file "/home/student1/d3krishn/Desktop/GAME/VGAController.vhd" in Library work.
Entity <vga_controller> compiled.
Entity <vga_controller> (Architecture <behavior>) compiled.

=========================================================================
*                     Design Hierarchy Analysis                         *
=========================================================================
Analyzing hierarchy for entity <vga_controller> in library <work> (architecture <behavior>) with generics.
	h_bp = 480
	h_fp = 16
	h_pixels = 640
	h_pol = '0'
	h_pulse = 96
	v_bp = 33
	v_fp = 10
	v_pixels = 480
	v_pol = '0'
	v_pulse = 2


=========================================================================
*                            HDL Analysis                               *
=========================================================================
Analyzing generic Entity <vga_controller> in library <work> (Architecture <behavior>).
	h_bp = 480
	h_fp = 16
	h_pixels = 640
	h_pol = '0'
	h_pulse = 96
	v_bp = 33
	v_fp = 10
	v_pixels = 480
	v_pol = '0'
	v_pulse = 2
Entity <vga_controller> analyzed. Unit <vga_controller> generated.


=========================================================================
*                           HDL Synthesis                               *
=========================================================================

Performing bidirectional port resolution...

Synthesizing Unit <vga_controller>.
    Related source file is "/home/student1/d3krishn/Desktop/GAME/VGAController.vhd".
WARNING:Xst:647 - Input <clk> is never used. This port will be preserved and left unconnected if it belongs to a top-level block or it belongs to a sub-block and the hierarchy of this sub-block is preserved.
WARNING:Xst:647 - Input <SW0> is never used. This port will be preserved and left unconnected if it belongs to a top-level block or it belongs to a sub-block and the hierarchy of this sub-block is preserved.
WARNING:Xst:647 - Input <SW1> is never used. This port will be preserved and left unconnected if it belongs to a top-level block or it belongs to a sub-block and the hierarchy of this sub-block is preserved.
WARNING:Xst:647 - Input <SW2> is never used. This port will be preserved and left unconnected if it belongs to a top-level block or it belongs to a sub-block and the hierarchy of this sub-block is preserved.
WARNING:Xst:647 - Input <SW3> is never used. This port will be preserved and left unconnected if it belongs to a top-level block or it belongs to a sub-block and the hierarchy of this sub-block is preserved.
WARNING:Xst:1780 - Signal <sV> is never used or assigned. This unconnected signal will be trimmed during the optimization process.
WARNING:Xst:1780 - Signal <sH> is never used or assigned. This unconnected signal will be trimmed during the optimization process.
WARNING:Xst:653 - Signal <sDAC_CLK> is used but never assigned. This sourceless signal will be automatically connected to value 0.
    Found 1-bit register for signal <H>.
    Found 1-bit register for signal <V>.
    Found 32-bit register for signal <column>.
    Found 32-bit register for signal <row>.
    Found 11-bit comparator less for signal <column$cmp_lt0000> created at line 101.
    Found 1-bit register for signal <disp_ena>.
    Found 11-bit comparator greater for signal <H$cmp_gt0000> created at line 87.
    Found 11-bit comparator less for signal <H$cmp_lt0000> created at line 87.
    Found 11-bit register for signal <h_count>.
    Found 11-bit adder for signal <h_count$addsub0000> created at line 76.
    Found 11-bit comparator less for signal <h_count$cmp_lt0000> created at line 75.
    Found 10-bit comparator less for signal <row$cmp_lt0000> created at line 104.
    Found 10-bit comparator greater for signal <V$cmp_gt0000> created at line 94.
    Found 10-bit comparator less for signal <V$cmp_lt0000> created at line 94.
    Found 10-bit register for signal <v_count>.
    Found 10-bit adder for signal <v_count$addsub0000> created at line 80.
    Found 10-bit comparator less for signal <v_count$cmp_lt0001> created at line 79.
    Summary:
	inferred  88 D-type flip-flop(s).
	inferred   2 Adder/Subtractor(s).
	inferred   8 Comparator(s).
Unit <vga_controller> synthesized.


=========================================================================
HDL Synthesis Report

Macro Statistics
# Adders/Subtractors                                   : 2
 10-bit adder                                          : 1
 11-bit adder                                          : 1
# Registers                                            : 7
 1-bit register                                        : 3
 10-bit register                                       : 1
 11-bit register                                       : 1
 32-bit register                                       : 2
# Comparators                                          : 8
 10-bit comparator greater                             : 1
 10-bit comparator less                                : 3
 11-bit comparator greater                             : 1
 11-bit comparator less                                : 3

=========================================================================

=========================================================================
*                       Advanced HDL Synthesis                          *
=========================================================================

WARNING:Xst:1710 - FF/Latch <column_9> (without init value) has a constant value of 0 in block <vga_controller>. This FF/Latch will be trimmed during the optimization process.
WARNING:Xst:1710 - FF/Latch <column_8> (without init value) has a constant value of 0 in block <vga_controller>. This FF/Latch will be trimmed during the optimization process.
WARNING:Xst:1710 - FF/Latch <column_7> (without init value) has a constant value of 0 in block <vga_controller>. This FF/Latch will be trimmed during the optimization process.
WARNING:Xst:1710 - FF/Latch <column_6> (without init value) has a constant value of 0 in block <vga_controller>. This FF/Latch will be trimmed during the optimization process.
WARNING:Xst:1710 - FF/Latch <column_5> (without init value) has a constant value of 0 in block <vga_controller>. This FF/Latch will be trimmed during the optimization process.
WARNING:Xst:1710 - FF/Latch <column_4> (without init value) has a constant value of 0 in block <vga_controller>. This FF/Latch will be trimmed during the optimization process.
WARNING:Xst:1710 - FF/Latch <column_3> (without init value) has a constant value of 0 in block <vga_controller>. This FF/Latch will be trimmed during the optimization process.
WARNING:Xst:1710 - FF/Latch <column_2> (without init value) has a constant value of 0 in block <vga_controller>. This FF/Latch will be trimmed during the optimization process.
WARNING:Xst:1710 - FF/Latch <column_1> (without init value) has a constant value of 0 in block <vga_controller>. This FF/Latch will be trimmed during the optimization process.
WARNING:Xst:1710 - FF/Latch <column_0> (without init value) has a constant value of 0 in block <vga_controller>. This FF/Latch will be trimmed during the optimization process.
WARNING:Xst:1710 - FF/Latch <row_31> (without init value) has a constant value of 0 in block <vga_controller>. This FF/Latch will be trimmed during the optimization process.
WARNING:Xst:1710 - FF/Latch <row_30> (without init value) has a constant value of 0 in block <vga_controller>. This FF/Latch will be trimmed during the optimization process.
WARNING:Xst:1710 - FF/Latch <row_29> (without init value) has a constant value of 0 in block <vga_controller>. This FF/Latch will be trimmed during the optimization process.
WARNING:Xst:1710 - FF/Latch <row_28> (without init value) has a constant value of 0 in block <vga_controller>. This FF/Latch will be trimmed during the optimization process.
WARNING:Xst:1710 - FF/Latch <row_27> (without init value) has a constant value of 0 in block <vga_controller>. This FF/Latch will be trimmed during the optimization process.
WARNING:Xst:1710 - FF/Latch <row_26> (without init value) has a constant value of 0 in block <vga_controller>. This FF/Latch will be trimmed during the optimization process.
WARNING:Xst:1710 - FF/Latch <row_25> (without init value) has a constant value of 0 in block <vga_controller>. This FF/Latch will be trimmed during the optimization process.
WARNING:Xst:1710 - FF/Latch <row_24> (without init value) has a constant value of 0 in block <vga_controller>. This FF/Latch will be trimmed during the optimization process.
WARNING:Xst:1710 - FF/Latch <row_23> (without init value) has a constant value of 0 in block <vga_controller>. This FF/Latch will be trimmed during the optimization process.
WARNING:Xst:1710 - FF/Latch <row_22> (without init value) has a constant value of 0 in block <vga_controller>. This FF/Latch will be trimmed during the optimization process.
WARNING:Xst:1710 - FF/Latch <row_21> (without init value) has a constant value of 0 in block <vga_controller>. This FF/Latch will be trimmed during the optimization process.
WARNING:Xst:1710 - FF/Latch <row_20> (without init value) has a constant value of 0 in block <vga_controller>. This FF/Latch will be trimmed during the optimization process.
WARNING:Xst:1710 - FF/Latch <column_31> (without init value) has a constant value of 0 in block <vga_controller>. This FF/Latch will be trimmed during the optimization process.
WARNING:Xst:1710 - FF/Latch <column_30> (without init value) has a constant value of 0 in block <vga_controller>. This FF/Latch will be trimmed during the optimization process.
WARNING:Xst:1710 - FF/Latch <column_29> (without init value) has a constant value of 0 in block <vga_controller>. This FF/Latch will be trimmed during the optimization process.
WARNING:Xst:1710 - FF/Latch <column_28> (without init value) has a constant value of 0 in block <vga_controller>. This FF/Latch will be trimmed during the optimization process.
WARNING:Xst:1710 - FF/Latch <column_27> (without init value) has a constant value of 0 in block <vga_controller>. This FF/Latch will be trimmed during the optimization process.
WARNING:Xst:1710 - FF/Latch <column_26> (without init value) has a constant value of 0 in block <vga_controller>. This FF/Latch will be trimmed during the optimization process.
WARNING:Xst:1710 - FF/Latch <column_25> (without init value) has a constant value of 0 in block <vga_controller>. This FF/Latch will be trimmed during the optimization process.
WARNING:Xst:1710 - FF/Latch <column_24> (without init value) has a constant value of 0 in block <vga_controller>. This FF/Latch will be trimmed during the optimization process.
WARNING:Xst:1710 - FF/Latch <column_23> (without init value) has a constant value of 0 in block <vga_controller>. This FF/Latch will be trimmed during the optimization process.
WARNING:Xst:1710 - FF/Latch <column_22> (without init value) has a constant value of 0 in block <vga_controller>. This FF/Latch will be trimmed during the optimization process.
WARNING:Xst:1710 - FF/Latch <column_21> (without init value) has a constant value of 0 in block <vga_controller>. This FF/Latch will be trimmed during the optimization process.
WARNING:Xst:1710 - FF/Latch <column_20> (without init value) has a constant value of 0 in block <vga_controller>. This FF/Latch will be trimmed during the optimization process.
WARNING:Xst:1710 - FF/Latch <column_19> (without init value) has a constant value of 0 in block <vga_controller>. This FF/Latch will be trimmed during the optimization process.
WARNING:Xst:1710 - FF/Latch <column_18> (without init value) has a constant value of 0 in block <vga_controller>. This FF/Latch will be trimmed during the optimization process.
WARNING:Xst:1710 - FF/Latch <column_17> (without init value) has a constant value of 0 in block <vga_controller>. This FF/Latch will be trimmed during the optimization process.
WARNING:Xst:1710 - FF/Latch <column_16> (without init value) has a constant value of 0 in block <vga_controller>. This FF/Latch will be trimmed during the optimization process.
WARNING:Xst:1710 - FF/Latch <column_15> (without init value) has a constant value of 0 in block <vga_controller>. This FF/Latch will be trimmed during the optimization process.
WARNING:Xst:1710 - FF/Latch <column_14> (without init value) has a constant value of 0 in block <vga_controller>. This FF/Latch will be trimmed during the optimization process.
WARNING:Xst:1710 - FF/Latch <column_13> (without init value) has a constant value of 0 in block <vga_controller>. This FF/Latch will be trimmed during the optimization process.
WARNING:Xst:1710 - FF/Latch <column_12> (without init value) has a constant value of 0 in block <vga_controller>. This FF/Latch will be trimmed during the optimization process.
WARNING:Xst:1710 - FF/Latch <column_11> (without init value) has a constant value of 0 in block <vga_controller>. This FF/Latch will be trimmed during the optimization process.
WARNING:Xst:1710 - FF/Latch <column_10> (without init value) has a constant value of 0 in block <vga_controller>. This FF/Latch will be trimmed during the optimization process.
WARNING:Xst:1293 - FF/Latch <h_count_8> has a constant value of 0 in block <vga_controller>. This FF/Latch will be trimmed during the optimization process.
WARNING:Xst:1293 - FF/Latch <h_count_7> has a constant value of 0 in block <vga_controller>. This FF/Latch will be trimmed during the optimization process.
WARNING:Xst:1293 - FF/Latch <h_count_6> has a constant value of 0 in block <vga_controller>. This FF/Latch will be trimmed during the optimization process.
WARNING:Xst:1293 - FF/Latch <h_count_5> has a constant value of 0 in block <vga_controller>. This FF/Latch will be trimmed during the optimization process.
WARNING:Xst:1293 - FF/Latch <h_count_4> has a constant value of 0 in block <vga_controller>. This FF/Latch will be trimmed during the optimization process.
WARNING:Xst:1293 - FF/Latch <h_count_3> has a constant value of 0 in block <vga_controller>. This FF/Latch will be trimmed during the optimization process.
WARNING:Xst:1293 - FF/Latch <h_count_2> has a constant value of 0 in block <vga_controller>. This FF/Latch will be trimmed during the optimization process.
WARNING:Xst:1293 - FF/Latch <h_count_1> has a constant value of 0 in block <vga_controller>. This FF/Latch will be trimmed during the optimization process.
WARNING:Xst:1293 - FF/Latch <h_count_0> has a constant value of 0 in block <vga_controller>. This FF/Latch will be trimmed during the optimization process.
WARNING:Xst:1710 - FF/Latch <disp_ena> (without init value) has a constant value of 0 in block <vga_controller>. This FF/Latch will be trimmed during the optimization process.
WARNING:Xst:1710 - FF/Latch <V> (without init value) has a constant value of 0 in block <vga_controller>. This FF/Latch will be trimmed during the optimization process.
WARNING:Xst:1710 - FF/Latch <H> (without init value) has a constant value of 0 in block <vga_controller>. This FF/Latch will be trimmed during the optimization process.
WARNING:Xst:1293 - FF/Latch <v_count_9> has a constant value of 0 in block <vga_controller>. This FF/Latch will be trimmed during the optimization process.
WARNING:Xst:1293 - FF/Latch <v_count_8> has a constant value of 0 in block <vga_controller>. This FF/Latch will be trimmed during the optimization process.
WARNING:Xst:1293 - FF/Latch <v_count_7> has a constant value of 0 in block <vga_controller>. This FF/Latch will be trimmed during the optimization process.
WARNING:Xst:1293 - FF/Latch <v_count_6> has a constant value of 0 in block <vga_controller>. This FF/Latch will be trimmed during the optimization process.
WARNING:Xst:1293 - FF/Latch <v_count_5> has a constant value of 0 in block <vga_controller>. This FF/Latch will be trimmed during the optimization process.
WARNING:Xst:1293 - FF/Latch <v_count_4> has a constant value of 0 in block <vga_controller>. This FF/Latch will be trimmed during the optimization process.
WARNING:Xst:1293 - FF/Latch <v_count_3> has a constant value of 0 in block <vga_controller>. This FF/Latch will be trimmed during the optimization process.
WARNING:Xst:1293 - FF/Latch <v_count_2> has a constant value of 0 in block <vga_controller>. This FF/Latch will be trimmed during the optimization process.
WARNING:Xst:1293 - FF/Latch <v_count_1> has a constant value of 0 in block <vga_controller>. This FF/Latch will be trimmed during the optimization process.
WARNING:Xst:1293 - FF/Latch <v_count_0> has a constant value of 0 in block <vga_controller>. This FF/Latch will be trimmed during the optimization process.
WARNING:Xst:1710 - FF/Latch <row_19> (without init value) has a constant value of 0 in block <vga_controller>. This FF/Latch will be trimmed during the optimization process.
WARNING:Xst:1710 - FF/Latch <row_18> (without init value) has a constant value of 0 in block <vga_controller>. This FF/Latch will be trimmed during the optimization process.
WARNING:Xst:1710 - FF/Latch <row_17> (without init value) has a constant value of 0 in block <vga_controller>. This FF/Latch will be trimmed during the optimization process.
WARNING:Xst:1710 - FF/Latch <row_16> (without init value) has a constant value of 0 in block <vga_controller>. This FF/Latch will be trimmed during the optimization process.
WARNING:Xst:1710 - FF/Latch <row_15> (without init value) has a constant value of 0 in block <vga_controller>. This FF/Latch will be trimmed during the optimization process.
WARNING:Xst:1710 - FF/Latch <row_14> (without init value) has a constant value of 0 in block <vga_controller>. This FF/Latch will be trimmed during the optimization process.
WARNING:Xst:1710 - FF/Latch <row_13> (without init value) has a constant value of 0 in block <vga_controller>. This FF/Latch will be trimmed during the optimization process.
WARNING:Xst:1710 - FF/Latch <row_12> (without init value) has a constant value of 0 in block <vga_controller>. This FF/Latch will be trimmed during the optimization process.
WARNING:Xst:1710 - FF/Latch <row_11> (without init value) has a constant value of 0 in block <vga_controller>. This FF/Latch will be trimmed during the optimization process.
WARNING:Xst:1710 - FF/Latch <row_10> (without init value) has a constant value of 0 in block <vga_controller>. This FF/Latch will be trimmed during the optimization process.
WARNING:Xst:1710 - FF/Latch <row_9> (without init value) has a constant value of 0 in block <vga_controller>. This FF/Latch will be trimmed during the optimization process.
WARNING:Xst:1710 - FF/Latch <row_8> (without init value) has a constant value of 0 in block <vga_controller>. This FF/Latch will be trimmed during the optimization process.
WARNING:Xst:1710 - FF/Latch <row_7> (without init value) has a constant value of 0 in block <vga_controller>. This FF/Latch will be trimmed during the optimization process.
WARNING:Xst:1710 - FF/Latch <row_6> (without init value) has a constant value of 0 in block <vga_controller>. This FF/Latch will be trimmed during the optimization process.
WARNING:Xst:1710 - FF/Latch <row_5> (without init value) has a constant value of 0 in block <vga_controller>. This FF/Latch will be trimmed during the optimization process.
WARNING:Xst:1710 - FF/Latch <row_4> (without init value) has a constant value of 0 in block <vga_controller>. This FF/Latch will be trimmed during the optimization process.
WARNING:Xst:1710 - FF/Latch <row_3> (without init value) has a constant value of 0 in block <vga_controller>. This FF/Latch will be trimmed during the optimization process.
WARNING:Xst:1710 - FF/Latch <row_2> (without init value) has a constant value of 0 in block <vga_controller>. This FF/Latch will be trimmed during the optimization process.
WARNING:Xst:1710 - FF/Latch <row_1> (without init value) has a constant value of 0 in block <vga_controller>. This FF/Latch will be trimmed during the optimization process.
WARNING:Xst:1710 - FF/Latch <row_0> (without init value) has a constant value of 0 in block <vga_controller>. This FF/Latch will be trimmed during the optimization process.
WARNING:Xst:1293 - FF/Latch <h_count_10> has a constant value of 0 in block <vga_controller>. This FF/Latch will be trimmed during the optimization process.
WARNING:Xst:1293 - FF/Latch <h_count_9> has a constant value of 0 in block <vga_controller>. This FF/Latch will be trimmed during the optimization process.
WARNING:Xst:2404 -  FFs/Latches <row<31:10>> (without init value) have a constant value of 0 in block <vga_controller>.
WARNING:Xst:2404 -  FFs/Latches <column<31:11>> (without init value) have a constant value of 0 in block <vga_controller>.

=========================================================================
Advanced HDL Synthesis Report

Macro Statistics
# Adders/Subtractors                                   : 2
 10-bit adder                                          : 1
 11-bit adder                                          : 1
# Registers                                            : 45
 Flip-Flops                                            : 45
# Comparators                                          : 8
 10-bit comparator greater                             : 1
 10-bit comparator less                                : 3
 11-bit comparator greater                             : 1
 11-bit comparator less                                : 3

=========================================================================

=========================================================================
*                         Low Level Synthesis                           *
=========================================================================
WARNING:Xst:1293 - FF/Latch <h_count_10> has a constant value of 0 in block <vga_controller>. This FF/Latch will be trimmed during the optimization process.
WARNING:Xst:1710 - FF/Latch <row_0> (without init value) has a constant value of 0 in block <vga_controller>. This FF/Latch will be trimmed during the optimization process.
WARNING:Xst:1710 - FF/Latch <row_1> (without init value) has a constant value of 0 in block <vga_controller>. This FF/Latch will be trimmed during the optimization process.
WARNING:Xst:1710 - FF/Latch <row_2> (without init value) has a constant value of 0 in block <vga_controller>. This FF/Latch will be trimmed during the optimization process.
WARNING:Xst:1710 - FF/Latch <row_3> (without init value) has a constant value of 0 in block <vga_controller>. This FF/Latch will be trimmed during the optimization process.
WARNING:Xst:1710 - FF/Latch <row_4> (without init value) has a constant value of 0 in block <vga_controller>. This FF/Latch will be trimmed during the optimization process.
WARNING:Xst:1710 - FF/Latch <row_5> (without init value) has a constant value of 0 in block <vga_controller>. This FF/Latch will be trimmed during the optimization process.
WARNING:Xst:1710 - FF/Latch <row_6> (without init value) has a constant value of 0 in block <vga_controller>. This FF/Latch will be trimmed during the optimization process.
WARNING:Xst:1710 - FF/Latch <row_7> (without init value) has a constant value of 0 in block <vga_controller>. This FF/Latch will be trimmed during the optimization process.
WARNING:Xst:1710 - FF/Latch <row_8> (without init value) has a constant value of 0 in block <vga_controller>. This FF/Latch will be trimmed during the optimization process.
WARNING:Xst:1710 - FF/Latch <row_9> (without init value) has a constant value of 0 in block <vga_controller>. This FF/Latch will be trimmed during the optimization process.
WARNING:Xst:1710 - FF/Latch <column_0> (without init value) has a constant value of 0 in block <vga_controller>. This FF/Latch will be trimmed during the optimization process.
WARNING:Xst:1710 - FF/Latch <column_1> (without init value) has a constant value of 0 in block <vga_controller>. This FF/Latch will be trimmed during the optimization process.
WARNING:Xst:1710 - FF/Latch <column_2> (without init value) has a constant value of 0 in block <vga_controller>. This FF/Latch will be trimmed during the optimization process.
WARNING:Xst:1710 - FF/Latch <column_3> (without init value) has a constant value of 0 in block <vga_controller>. This FF/Latch will be trimmed during the optimization process.
WARNING:Xst:1710 - FF/Latch <column_4> (without init value) has a constant value of 0 in block <vga_controller>. This FF/Latch will be trimmed during the optimization process.
WARNING:Xst:1710 - FF/Latch <column_5> (without init value) has a constant value of 0 in block <vga_controller>. This FF/Latch will be trimmed during the optimization process.
WARNING:Xst:1710 - FF/Latch <column_6> (without init value) has a constant value of 0 in block <vga_controller>. This FF/Latch will be trimmed during the optimization process.
WARNING:Xst:1710 - FF/Latch <column_7> (without init value) has a constant value of 0 in block <vga_controller>. This FF/Latch will be trimmed during the optimization process.
WARNING:Xst:1710 - FF/Latch <column_8> (without init value) has a constant value of 0 in block <vga_controller>. This FF/Latch will be trimmed during the optimization process.
WARNING:Xst:1710 - FF/Latch <column_9> (without init value) has a constant value of 0 in block <vga_controller>. This FF/Latch will be trimmed during the optimization process.
WARNING:Xst:1710 - FF/Latch <column_10> (without init value) has a constant value of 0 in block <vga_controller>. This FF/Latch will be trimmed during the optimization process.
WARNING:Xst:1710 - FF/Latch <V> (without init value) has a constant value of 0 in block <vga_controller>. This FF/Latch will be trimmed during the optimization process.
WARNING:Xst:1710 - FF/Latch <H> (without init value) has a constant value of 0 in block <vga_controller>. This FF/Latch will be trimmed during the optimization process.
WARNING:Xst:1293 - FF/Latch <v_count_0> has a constant value of 0 in block <vga_controller>. This FF/Latch will be trimmed during the optimization process.
WARNING:Xst:1293 - FF/Latch <v_count_1> has a constant value of 0 in block <vga_controller>. This FF/Latch will be trimmed during the optimization process.
WARNING:Xst:1293 - FF/Latch <v_count_2> has a constant value of 0 in block <vga_controller>. This FF/Latch will be trimmed during the optimization process.
WARNING:Xst:1293 - FF/Latch <v_count_3> has a constant value of 0 in block <vga_controller>. This FF/Latch will be trimmed during the optimization process.
WARNING:Xst:1293 - FF/Latch <v_count_4> has a constant value of 0 in block <vga_controller>. This FF/Latch will be trimmed during the optimization process.
WARNING:Xst:1293 - FF/Latch <v_count_5> has a constant value of 0 in block <vga_controller>. This FF/Latch will be trimmed during the optimization process.
WARNING:Xst:1293 - FF/Latch <v_count_6> has a constant value of 0 in block <vga_controller>. This FF/Latch will be trimmed during the optimization process.
WARNING:Xst:1293 - FF/Latch <v_count_7> has a constant value of 0 in block <vga_controller>. This FF/Latch will be trimmed during the optimization process.
WARNING:Xst:1293 - FF/Latch <v_count_8> has a constant value of 0 in block <vga_controller>. This FF/Latch will be trimmed during the optimization process.
WARNING:Xst:1293 - FF/Latch <v_count_9> has a constant value of 0 in block <vga_controller>. This FF/Latch will be trimmed during the optimization process.
WARNING:Xst:1710 - FF/Latch <disp_ena> (without init value) has a constant value of 0 in block <vga_controller>. This FF/Latch will be trimmed during the optimization process.
WARNING:Xst:1293 - FF/Latch <h_count_0> has a constant value of 0 in block <vga_controller>. This FF/Latch will be trimmed during the optimization process.
WARNING:Xst:1293 - FF/Latch <h_count_1> has a constant value of 0 in block <vga_controller>. This FF/Latch will be trimmed during the optimization process.
WARNING:Xst:1293 - FF/Latch <h_count_2> has a constant value of 0 in block <vga_controller>. This FF/Latch will be trimmed during the optimization process.
WARNING:Xst:1293 - FF/Latch <h_count_3> has a constant value of 0 in block <vga_controller>. This FF/Latch will be trimmed during the optimization process.
WARNING:Xst:1293 - FF/Latch <h_count_4> has a constant value of 0 in block <vga_controller>. This FF/Latch will be trimmed during the optimization process.
WARNING:Xst:1293 - FF/Latch <h_count_5> has a constant value of 0 in block <vga_controller>. This FF/Latch will be trimmed during the optimization process.
WARNING:Xst:1293 - FF/Latch <h_count_6> has a constant value of 0 in block <vga_controller>. This FF/Latch will be trimmed during the optimization process.
WARNING:Xst:1293 - FF/Latch <h_count_7> has a constant value of 0 in block <vga_controller>. This FF/Latch will be trimmed during the optimization process.
WARNING:Xst:1293 - FF/Latch <h_count_8> has a constant value of 0 in block <vga_controller>. This FF/Latch will be trimmed during the optimization process.
WARNING:Xst:1293 - FF/Latch <h_count_9> has a constant value of 0 in block <vga_controller>. This FF/Latch will be trimmed during the optimization process.

Optimizing unit <vga_controller> ...

Mapping all equations...
Building and optimizing final netlist ...
Found area constraint ratio of 100 (+ 5) on block vga_controller, actual ratio is 0.

Final Macro Processing ...

=========================================================================
Final Register Report

Found no macro
=========================================================================

=========================================================================
*                           Partition Report                            *
=========================================================================

Partition Implementation Status
-------------------------------

  No Partitions were found in this design.

-------------------------------

=========================================================================
*                            Final Report                               *
=========================================================================
Final Results
RTL Top Level Output File Name     : vga_controller.ngr
Top Level Output File Name         : vga_controller
Output Format                      : NGC
Optimization Goal                  : Speed
Keep Hierarchy                     : No

Design Statistics
# IOs                              : 98

Cell Usage :
# BELS                             : 2
#      GND                         : 1
#      VCC                         : 1
# IO Buffers                       : 93
#      OBUF                        : 93
=========================================================================

Device utilization summary:
---------------------------

Selected Device : 3s500efg320-5 

 Number of Slices:                        0  out of   4656     0%  
 Number of IOs:                          98
 Number of bonded IOBs:                  93  out of    232    40%  

---------------------------
Partition Resource Summary:
---------------------------

  No Partitions were found in this design.

---------------------------


=========================================================================
TIMING REPORT

NOTE: THESE TIMING NUMBERS ARE ONLY A SYNTHESIS ESTIMATE.
      FOR ACCURATE TIMING INFORMATION PLEASE REFER TO THE TRACE REPORT
      GENERATED AFTER PLACE-and-ROUTE.

Clock Information:
------------------
No clock signals found in this design

Asynchronous Control Signals Information:
----------------------------------------
No asynchronous control signals found in this design

Timing Summary:
---------------
Speed Grade: -5

   Minimum period: No path found
   Minimum input arrival time before clock: No path found
   Maximum output required time after clock: No path found
   Maximum combinational path delay: No path found

Timing Detail:
--------------
All values displayed in nanoseconds (ns)

=========================================================================


Total REAL time to Xst completion: 4.00 secs
Total CPU time to Xst completion: 3.55 secs
 
--> 


Total memory usage is 610844 kilobytes

Number of errors   :    0 (   0 filtered)
Number of warnings :  143 (   0 filtered)
Number of infos    :    0 (   0 filtered)

